<?xml version="1.0" encoding="UTF-8"?>
<!-- Generated by org.testng.reporters.JUnitReportReporter -->
<testsuite hostname="MWDH-Work2" failures="0" tests="1" name="ass3FindingabsoluteXPath.ChromWebDriver" time="13.109" errors="0" timestamp="2022-07-27T23:19:29 AST" skipped="0">
  <testcase classname="ass3FindingabsoluteXPath.ChromWebDriver" name="LearnEnglishWebSite" time="13.109"/>
  <system-out/>
</testsuite> <!-- ass3FindingabsoluteXPath.ChromWebDriver -->
